<?xml version="1.0" encoding="UTF-8"?>
<!-- Generated by org.testng.reporters.JUnitReportReporter -->
<testsuite hostname="ASCINLAP61458" failures="0" tests="1" name="com.firstcry.test.Login" time="149.671" errors="0" timestamp="2025-10-30T15:56:24 IST" skipped="0">
  <testcase classname="com.firstcry.test.Login" name="firstCryFullFlow" time="149.671"/>
</testsuite> <!-- com.firstcry.test.Login -->
