<?xml version="1.0" encoding="UTF-8"?>
<!-- Generated by org.testng.reporters.JUnitReportReporter -->
<testsuite hostname="ASCINLAP61458" failures="0" tests="5" name="com.firstcry.test.LoginTest" time="264.543" errors="0" timestamp="2025-10-28T00:49:14 IST" skipped="0">
  <testcase classname="com.firstcry.test.LoginTest" name="openWebsiteAndLogin" time="35.847"/>
  <testcase classname="com.firstcry.test.LoginTest" name="searchProduct" time="19.083"/>
  <testcase classname="com.firstcry.test.LoginTest" name="openProductAndAddToWishlist" time="67.132"/>
  <testcase classname="com.firstcry.test.LoginTest" name="addToCart" time="69.700"/>
  <testcase classname="com.firstcry.test.LoginTest" name="removeFromWishlist" time="72.781"/>
</testsuite> <!-- com.firstcry.test.LoginTest -->
